<?xml version="1.0" encoding="UTF-8"?>
<testsuite xmlns:xsi="http://www.w3.org/2001/XMLSchema-instance" xsi:noNamespaceSchemaLocation="https://maven.apache.org/surefire/maven-surefire-plugin/xsd/surefire-test-report.xsd" version="3.0.2" name="com.example.demomaven.repository.ComponentRepositoryIntegrationTest" time="2.15" tests="4" errors="0" skipped="0" failures="0">
  <properties>
[...]
</properties>
  <testcase name="testSaveComponent" classname="com.example.demomaven.repository.ComponentRepositoryIntegrationTest" time="0.348">
    <system-out><![CDATA[23:35:50.022 [main] INFO org.springframework.test.context.support.AnnotationConfigContextLoaderUtils -- Could not detect default configuration classes for test class [com.example.demomaven.repository.ComponentRepositoryIntegrationTest]: ComponentRepositoryIntegrationTest does not declare any static, non-private, non-final, nested classes annotated with @Configuration.
23:35:50.089 [main] INFO org.springframework.boot.test.context.SpringBootTestContextBootstrapper -- Found @SpringBootConfiguration com.example.demomaven.DemomavenApplication for test class com.example.demomaven.repository.ComponentRepositoryIntegrationTest

  .   ____          _            __ _ _
 /\\ / ___'_ __ _ _(_)_ __  __ _ \ \ \ \
( ( )\___ | '_ | '_| | '_ \/ _` | \ \ \ \
 \\/  ___)| |_)| | | | | || (_| |  ) ) ) )
  '  |____| .__|_| |_|_| |_\__, | / / / /
 =========|_|==============|___/=/_/_/_/

 :: Spring Boot ::                (v3.4.5)

2025-05-22T23:35:50.352+03:00  INFO 66106 --- [demomaven] [           main] e.d.r.ComponentRepositoryIntegrationTest : Starting ComponentRepositoryIntegrationTest using Java 22.0.2 with PID 66106 (started by artemderkach in /Users/artemderkach/Downloads/demomaven)
2025-05-22T23:35:50.354+03:00  INFO 66106 --- [demomaven] [           main] e.d.r.ComponentRepositoryIntegrationTest : The following 1 profile is active: "test"
2025-05-22T23:35:50.533+03:00  INFO 66106 --- [demomaven] [           main] .s.d.r.c.RepositoryConfigurationDelegate : Bootstrapping Spring Data JPA repositories in DEFAULT mode.
2025-05-22T23:35:50.562+03:00  INFO 66106 --- [demomaven] [           main] .s.d.r.c.RepositoryConfigurationDelegate : Finished Spring Data repository scanning in 24 ms. Found 1 JPA repository interface.
2025-05-22T23:35:50.584+03:00  INFO 66106 --- [demomaven] [           main] beddedDataSourceBeanFactoryPostProcessor : Replacing 'dataSource' DataSource bean with embedded version
2025-05-22T23:35:50.623+03:00  INFO 66106 --- [demomaven] [           main] o.s.j.d.e.EmbeddedDatabaseFactory        : Starting embedded database: url='jdbc:h2:mem:27131e3a-f65e-4518-8d28-6311e7ccfb4d;DB_CLOSE_DELAY=-1;DB_CLOSE_ON_EXIT=false', username='sa'
2025-05-22T23:35:50.758+03:00  INFO 66106 --- [demomaven] [           main] o.hibernate.jpa.internal.util.LogHelper  : HHH000204: Processing PersistenceUnitInfo [name: default]
2025-05-22T23:35:50.784+03:00  INFO 66106 --- [demomaven] [           main] org.hibernate.Version                    : HHH000412: Hibernate ORM core version 6.6.13.Final
2025-05-22T23:35:50.797+03:00  INFO 66106 --- [demomaven] [           main] o.h.c.internal.RegionFactoryInitiator    : HHH000026: Second-level cache disabled
2025-05-22T23:35:50.919+03:00  INFO 66106 --- [demomaven] [           main] o.s.o.j.p.SpringPersistenceUnitInfo      : No LoadTimeWeaver setup: ignoring JPA class transformer
2025-05-22T23:35:50.939+03:00  WARN 66106 --- [demomaven] [           main] org.hibernate.dialect.Dialect            : HHH000511: The 2.3.232 version for [org.hibernate.dialect.PostgreSQLDialect] is no longer supported, hence certain features may not work properly. The minimum supported version is 12.0.0. Check the community dialects project for available legacy versions.
2025-05-22T23:35:50.941+03:00  WARN 66106 --- [demomaven] [           main] org.hibernate.orm.deprecation            : HHH90000025: PostgreSQLDialect does not need to be specified explicitly using 'hibernate.dialect' (remove the property setting and it will be selected by default)
2025-05-22T23:35:50.951+03:00  INFO 66106 --- [demomaven] [           main] org.hibernate.orm.connections.pooling    : HHH10001005: Database info:
	Database JDBC URL [Connecting through datasource 'org.springframework.jdbc.datasource.embedded.EmbeddedDatabaseFactory$EmbeddedDataSourceProxy@773eca84']
	Database driver: undefined/unknown
	Database version: 2.3.232
	Autocommit mode: undefined/unknown
	Isolation level: undefined/unknown
	Minimum pool size: undefined/unknown
	Maximum pool size: undefined/unknown
2025-05-22T23:35:51.455+03:00  INFO 66106 --- [demomaven] [           main] o.h.e.t.j.p.i.JtaPlatformInitiator       : HHH000489: No JTA platform available (set 'hibernate.transaction.jta.platform' to enable JTA platform integration)
Hibernate: 
    create table build_component (
        id bigint generated by default as identity,
        quantity integer,
        build_id bigint,
        component_id bigint,
        primary key (id)
    )
Hibernate: 
    create table component (
        id bigint generated by default as identity,
        description varchar(255),
        name varchar(255),
        power_consumption integer not null,
        type varchar(255),
        manufacturer_id bigint,
        primary key (id)
    )
Hibernate: 
    create table computer_build (
        id bigint generated by default as identity,
        created_date timestamp(6),
        description varchar(255),
        estimated_price float(53),
        name varchar(255),
        total_power_consumption integer,
        user_id bigint,
        primary key (id)
    )
Hibernate: 
    create table cpu (
        base_clockghz float(53),
        boost_clockghz float(53),
        cache_size integer,
        cores integer,
        process_nm integer,
        socket varchar(255),
        threads integer,
        component_id bigint not null,
        primary key (component_id)
    )
Hibernate: 
    create table gpu (
        boost_clock integer,
        core_clock integer,
        interface_type varchar(255),
        length integer,
        memorygb integer,
        memory_type varchar(255),
        component_id bigint not null,
        primary key (component_id)
    )
Hibernate: 
    create table manufacturer (
        id bigint generated by default as identity,
        country varchar(255),
        founded_year integer,
        name varchar(255),
        website varchar(255),
        primary key (id)
    )
Hibernate: 
    create table motherboard (
        chipset varchar(255),
        form_factor varchar(255),
        max_memory integer,
        memory_slots integer,
        socket varchar(255),
        component_id bigint not null,
        primary key (component_id)
    )
Hibernate: 
    create table ram (
        capacitygb integer,
        cas_latency integer,
        modules integer,
        speed integer,
        component_id bigint not null,
        primary key (component_id)
    )
Hibernate: 
    create table storage (
        capacitygb integer,
        interface_type varchar(255),
        read_speed integer,
        write_speed integer,
        component_id bigint not null,
        primary key (component_id)
    )
Hibernate: 
    create table users (
        id bigint generated by default as identity,
        email varchar(255),
        password varchar(255),
        registration_date timestamp(6),
        username varchar(255),
        primary key (id)
    )
Hibernate: 
    alter table if exists build_component 
       add constraint FKek9kcb7ducypvghxuvto44sd5 
       foreign key (build_id) 
       references computer_build
Hibernate: 
    alter table if exists build_component 
       add constraint FK8dxfp4pqeciaw4rw5l47934c7 
       foreign key (component_id) 
       references component
Hibernate: 
    alter table if exists component 
       add constraint FK9s6pcjfmemxpwu5c8wyqqk2q9 
       foreign key (manufacturer_id) 
       references manufacturer
Hibernate: 
    alter table if exists computer_build 
       add constraint FKebhem1gg31ojmvk84l924bd2c 
       foreign key (user_id) 
       references users
Hibernate: 
    alter table if exists cpu 
       add constraint FK42j66lty714mr3elsi7riax4q 
       foreign key (component_id) 
       references component
Hibernate: 
    alter table if exists gpu 
       add constraint FKnsohqi3ux48i4vgu7ge4d7kmg 
       foreign key (component_id) 
       references component
Hibernate: 
    alter table if exists motherboard 
       add constraint FKn07939qutv8mur1749jdkct13 
       foreign key (component_id) 
       references component
Hibernate: 
    alter table if exists ram 
       add constraint FKd0qgnc61oarour5i4an96v5pb 
       foreign key (component_id) 
       references component
Hibernate: 
    alter table if exists storage 
       add constraint FKj0hjmthkc9g6xs8on29thsg6t 
       foreign key (component_id) 
       references component
2025-05-22T23:35:51.502+03:00  INFO 66106 --- [demomaven] [           main] j.LocalContainerEntityManagerFactoryBean : Initialized JPA EntityManagerFactory for persistence unit 'default'
2025-05-22T23:35:51.665+03:00  INFO 66106 --- [demomaven] [           main] e.d.r.ComponentRepositoryIntegrationTest : Started ComponentRepositoryIntegrationTest in 1.539 seconds (process running for 2.032)
Hibernate: 
    insert 
    into
        component
        (description, manufacturer_id, name, power_consumption, type) 
    values
        (?, ?, ?, ?, ?)
]]></system-out>
    <system-err><![CDATA[Mockito is currently self-attaching to enable the inline-mock-maker. This will no longer work in future releases of the JDK. Please add Mockito as an agent to your build what is described in Mockito's documentation: https://javadoc.io/doc/org.mockito/mockito-core/latest/org/mockito/Mockito.html#0.3
WARNING: A Java agent has been loaded dynamically (/Users/artemderkach/.m2/repository/net/bytebuddy/byte-buddy-agent/1.15.11/byte-buddy-agent-1.15.11.jar)
WARNING: If a serviceability tool is in use, please run with -XX:+EnableDynamicAgentLoading to hide this warning
WARNING: If a serviceability tool is not in use, please run with -Djdk.instrument.traceUsage for more information
WARNING: Dynamic loading of agents will be disallowed by default in a future release
]]></system-err>
  </testcase>
  <testcase name="testFindAll" classname="com.example.demomaven.repository.ComponentRepositoryIntegrationTest" time="0.054">
    <system-out><![CDATA[Hibernate: 
    insert 
    into
        component
        (description, manufacturer_id, name, power_consumption, type) 
    values
        (?, ?, ?, ?, ?)
Hibernate: 
    insert 
    into
        component
        (description, manufacturer_id, name, power_consumption, type) 
    values
        (?, ?, ?, ?, ?)
Hibernate: 
    select
        c1_0.id,
        case 
            when c1_1.component_id is not null 
                then 1 
            when c1_2.component_id is not null 
                then 2 
            when c1_3.component_id is not null 
                then 3 
            when c1_4.component_id is not null 
                then 4 
            when c1_5.component_id is not null 
                then 5 
            when c1_0.id is not null 
                then 0 
        end,
        c1_0.description,
        c1_0.manufacturer_id,
        c1_0.name,
        c1_0.power_consumption,
        c1_0.type,
        c1_1.base_clockghz,
        c1_1.boost_clockghz,
        c1_1.cache_size,
        c1_1.cores,
        c1_1.process_nm,
        c1_1.socket,
        c1_1.threads,
        c1_2.boost_clock,
        c1_2.core_clock,
        c1_2.interface_type,
        c1_2.length,
        c1_2.memorygb,
        c1_2.memory_type,
        c1_3.chipset,
        c1_3.form_factor,
        c1_3.max_memory,
        c1_3.memory_slots,
        c1_3.socket,
        c1_4.capacitygb,
        c1_4.cas_latency,
        c1_4.modules,
        c1_4.speed,
        c1_5.capacitygb,
        c1_5.interface_type,
        c1_5.read_speed,
        c1_5.write_speed 
    from
        component c1_0 
    left join
        cpu c1_1 
            on c1_0.id=c1_1.component_id 
    left join
        gpu c1_2 
            on c1_0.id=c1_2.component_id 
    left join
        motherboard c1_3 
            on c1_0.id=c1_3.component_id 
    left join
        ram c1_4 
            on c1_0.id=c1_4.component_id 
    left join
        storage c1_5 
            on c1_0.id=c1_5.component_id
]]></system-out>
  </testcase>
  <testcase name="testFindByType" classname="com.example.demomaven.repository.ComponentRepositoryIntegrationTest" time="0.017">
    <system-out><![CDATA[Hibernate: 
    insert 
    into
        component
        (description, manufacturer_id, name, power_consumption, type) 
    values
        (?, ?, ?, ?, ?)
Hibernate: 
    insert 
    into
        component
        (description, manufacturer_id, name, power_consumption, type) 
    values
        (?, ?, ?, ?, ?)
Hibernate: 
    insert 
    into
        component
        (description, manufacturer_id, name, power_consumption, type) 
    values
        (?, ?, ?, ?, ?)
Hibernate: 
    select
        c1_0.id,
        case 
            when c1_1.component_id is not null 
                then 1 
            when c1_2.component_id is not null 
                then 2 
            when c1_3.component_id is not null 
                then 3 
            when c1_4.component_id is not null 
                then 4 
            when c1_5.component_id is not null 
                then 5 
            when c1_0.id is not null 
                then 0 
        end,
        c1_0.description,
        c1_0.manufacturer_id,
        c1_0.name,
        c1_0.power_consumption,
        c1_0.type,
        c1_1.base_clockghz,
        c1_1.boost_clockghz,
        c1_1.cache_size,
        c1_1.cores,
        c1_1.process_nm,
        c1_1.socket,
        c1_1.threads,
        c1_2.boost_clock,
        c1_2.core_clock,
        c1_2.interface_type,
        c1_2.length,
        c1_2.memorygb,
        c1_2.memory_type,
        c1_3.chipset,
        c1_3.form_factor,
        c1_3.max_memory,
        c1_3.memory_slots,
        c1_3.socket,
        c1_4.capacitygb,
        c1_4.cas_latency,
        c1_4.modules,
        c1_4.speed,
        c1_5.capacitygb,
        c1_5.interface_type,
        c1_5.read_speed,
        c1_5.write_speed 
    from
        component c1_0 
    left join
        cpu c1_1 
            on c1_0.id=c1_1.component_id 
    left join
        gpu c1_2 
            on c1_0.id=c1_2.component_id 
    left join
        motherboard c1_3 
            on c1_0.id=c1_3.component_id 
    left join
        ram c1_4 
            on c1_0.id=c1_4.component_id 
    left join
        storage c1_5 
            on c1_0.id=c1_5.component_id 
    where
        c1_0.type=?
]]></system-out>
  </testcase>
  <testcase name="testFindAllById" classname="com.example.demomaven.repository.ComponentRepositoryIntegrationTest" time="0.009">
    <system-out><![CDATA[Hibernate: 
    insert 
    into
        component
        (description, manufacturer_id, name, power_consumption, type) 
    values
        (?, ?, ?, ?, ?)
Hibernate: 
    insert 
    into
        component
        (description, manufacturer_id, name, power_consumption, type) 
    values
        (?, ?, ?, ?, ?)
Hibernate: 
    select
        c1_0.id,
        case 
            when c1_1.component_id is not null 
                then 1 
            when c1_2.component_id is not null 
                then 2 
            when c1_3.component_id is not null 
                then 3 
            when c1_4.component_id is not null 
                then 4 
            when c1_5.component_id is not null 
                then 5 
            when c1_0.id is not null 
                then 0 
        end,
        c1_0.description,
        c1_0.manufacturer_id,
        c1_0.name,
        c1_0.power_consumption,
        c1_0.type,
        c1_1.base_clockghz,
        c1_1.boost_clockghz,
        c1_1.cache_size,
        c1_1.cores,
        c1_1.process_nm,
        c1_1.socket,
        c1_1.threads,
        c1_2.boost_clock,
        c1_2.core_clock,
        c1_2.interface_type,
        c1_2.length,
        c1_2.memorygb,
        c1_2.memory_type,
        c1_3.chipset,
        c1_3.form_factor,
        c1_3.max_memory,
        c1_3.memory_slots,
        c1_3.socket,
        c1_4.capacitygb,
        c1_4.cas_latency,
        c1_4.modules,
        c1_4.speed,
        c1_5.capacitygb,
        c1_5.interface_type,
        c1_5.read_speed,
        c1_5.write_speed 
    from
        component c1_0 
    left join
        cpu c1_1 
            on c1_0.id=c1_1.component_id 
    left join
        gpu c1_2 
            on c1_0.id=c1_2.component_id 
    left join
        motherboard c1_3 
            on c1_0.id=c1_3.component_id 
    left join
        ram c1_4 
            on c1_0.id=c1_4.component_id 
    left join
        storage c1_5 
            on c1_0.id=c1_5.component_id 
    where
        c1_0.id in (?, ?)
]]></system-out>
  </testcase>
</testsuite>